[INFO  - 2020-02-17T03:31:55.904Z] GhostDriver - Main - running on port 55128
[INFO  - 2020-02-17T03:31:56.477Z] Session [0c4df1a0-5136-11ea-80a4-b7b751d9f1f0] - page.settings - {"XSSAuditingEnabled":false,"javascriptCanCloseWindows":true,"javascriptCanOpenWindows":true,"javascriptEnabled":true,"loadImages":false,"localToRemoteUrlAccessEnabled":false,"userAgent":"Mozilla/5.0 (Macintosh; Intel Mac OS X) AppleWebKit/538.1 (KHTML, like Gecko) PhantomJS/2.1.1 Safari/538.1","webSecurityEnabled":true}
[INFO  - 2020-02-17T03:31:56.477Z] Session [0c4df1a0-5136-11ea-80a4-b7b751d9f1f0] - page.customHeaders:  - {}
[INFO  - 2020-02-17T03:31:56.477Z] Session [0c4df1a0-5136-11ea-80a4-b7b751d9f1f0] - Session.negotiatedCapabilities - {"browserName":"phantomjs","version":"2.1.1","driverName":"ghostdriver","driverVersion":"1.2.0","platform":"mac-unknown-64bit","javascriptEnabled":true,"takesScreenshot":true,"handlesAlerts":false,"databaseEnabled":false,"locationContextEnabled":false,"applicationCacheEnabled":false,"browserConnectionEnabled":false,"cssSelectorsEnabled":true,"webStorageEnabled":false,"rotatable":false,"acceptSslCerts":false,"nativeEvents":true,"proxy":{"proxyType":"direct"}}
[INFO  - 2020-02-17T03:31:56.477Z] SessionManagerReqHand - _postNewSessionCommand - New Session Created: 0c4df1a0-5136-11ea-80a4-b7b751d9f1f0
[ERROR - 2020-02-17T03:32:05.000Z] Session [0c4df1a0-5136-11ea-80a4-b7b751d9f1f0] - page.onError - msg: ReferenceError: Can't find variable: Set

  phantomjs://platform/console++.js:263 in error
[ERROR - 2020-02-17T03:32:05.000Z] Session [0c4df1a0-5136-11ea-80a4-b7b751d9f1f0] - page.onError - stack:
  (anonymous function) (https://www.pythonanywhere.com/static/CACHE/js/e74cc4770595.js:75)
  n (https://www.pythonanywhere.com/static/CACHE/js/e74cc4770595.js:75)
  (anonymous function) (https://www.pythonanywhere.com/static/CACHE/js/e74cc4770595.js:75)
  n (https://www.pythonanywhere.com/static/CACHE/js/e74cc4770595.js:75)
  (anonymous function) (https://www.pythonanywhere.com/static/CACHE/js/e74cc4770595.js:75)
  n (https://www.pythonanywhere.com/static/CACHE/js/e74cc4770595.js:75)
  (anonymous function) (https://www.pythonanywhere.com/static/CACHE/js/e74cc4770595.js:75)
  n (https://www.pythonanywhere.com/static/CACHE/js/e74cc4770595.js:75)
  (anonymous function) (https://www.pythonanywhere.com/static/CACHE/js/e74cc4770595.js:75)

  phantomjs://platform/console++.js:263 in error
[ERROR - 2020-02-17T03:32:05.010Z] Session [0c4df1a0-5136-11ea-80a4-b7b751d9f1f0] - page.onError - msg: TypeError: undefined is not an object (evaluating 'Anywhere.Quota.GetQuotaInformation')

  phantomjs://platform/console++.js:263 in error
[ERROR - 2020-02-17T03:32:05.010Z] Session [0c4df1a0-5136-11ea-80a4-b7b751d9f1f0] - page.onError - stack:
  (anonymous function) (https://www.pythonanywhere.com/user/jigarmistry24/:313)
  i (https://www.pythonanywhere.com/static/CACHE/js/efd0f9224b4c.js:1)
  fireWith (https://www.pythonanywhere.com/static/CACHE/js/efd0f9224b4c.js:1)
  ready (https://www.pythonanywhere.com/static/CACHE/js/efd0f9224b4c.js:1)
  K (https://www.pythonanywhere.com/static/CACHE/js/efd0f9224b4c.js:1)

  phantomjs://platform/console++.js:263 in error
[ERROR - 2020-02-17T03:32:07.293Z] Session [0c4df1a0-5136-11ea-80a4-b7b751d9f1f0] - page.onError - msg: ReferenceError: Can't find variable: Set

  phantomjs://platform/console++.js:263 in error
[ERROR - 2020-02-17T03:32:07.293Z] Session [0c4df1a0-5136-11ea-80a4-b7b751d9f1f0] - page.onError - stack:
  (anonymous function) (https://www.pythonanywhere.com/static/anywhere/scripts/compiled/webapp_page.js:22)
  n (https://www.pythonanywhere.com/static/anywhere/scripts/compiled/webapp_page.js:1)
  (anonymous function) (https://www.pythonanywhere.com/static/anywhere/scripts/compiled/webapp_page.js:1)
  n (https://www.pythonanywhere.com/static/anywhere/scripts/compiled/webapp_page.js:1)
  (anonymous function) (https://www.pythonanywhere.com/static/anywhere/scripts/compiled/webapp_page.js:30)
  n (https://www.pythonanywhere.com/static/anywhere/scripts/compiled/webapp_page.js:1)
  (anonymous function) (https://www.pythonanywhere.com/static/anywhere/scripts/compiled/webapp_page.js:30)
  n (https://www.pythonanywhere.com/static/anywhere/scripts/compiled/webapp_page.js:1)
  (anonymous function) (https://www.pythonanywhere.com/static/anywhere/scripts/compiled/webapp_page.js:1)

  phantomjs://platform/console++.js:263 in error
[ERROR - 2020-02-17T03:32:07.312Z] Session [0c4df1a0-5136-11ea-80a4-b7b751d9f1f0] - page.onError - msg: TypeError: undefined is not an object (evaluating 'Anywhere2.initializePythonVersionSelector')

  phantomjs://platform/console++.js:263 in error
[ERROR - 2020-02-17T03:32:07.312Z] Session [0c4df1a0-5136-11ea-80a4-b7b751d9f1f0] - page.onError - stack:
  (anonymous function) (https://www.pythonanywhere.com/user/jigarmistry24/webapps/:81)
  i (https://www.pythonanywhere.com/static/CACHE/js/efd0f9224b4c.js:1)
  fireWith (https://www.pythonanywhere.com/static/CACHE/js/efd0f9224b4c.js:1)
  ready (https://www.pythonanywhere.com/static/CACHE/js/efd0f9224b4c.js:1)
  K (https://www.pythonanywhere.com/static/CACHE/js/efd0f9224b4c.js:1)

  phantomjs://platform/console++.js:263 in error
[ERROR - 2020-02-17T03:32:08.821Z] Session [0c4df1a0-5136-11ea-80a4-b7b751d9f1f0] - page.onError - msg: ReferenceError: Can't find variable: Set

  phantomjs://platform/console++.js:263 in error
[ERROR - 2020-02-17T03:32:08.821Z] Session [0c4df1a0-5136-11ea-80a4-b7b751d9f1f0] - page.onError - stack:
  (anonymous function) (https://www.pythonanywhere.com/static/anywhere/scripts/compiled/webapp_page.js:22)
  n (https://www.pythonanywhere.com/static/anywhere/scripts/compiled/webapp_page.js:1)
  (anonymous function) (https://www.pythonanywhere.com/static/anywhere/scripts/compiled/webapp_page.js:1)
  n (https://www.pythonanywhere.com/static/anywhere/scripts/compiled/webapp_page.js:1)
  (anonymous function) (https://www.pythonanywhere.com/static/anywhere/scripts/compiled/webapp_page.js:30)
  n (https://www.pythonanywhere.com/static/anywhere/scripts/compiled/webapp_page.js:1)
  (anonymous function) (https://www.pythonanywhere.com/static/anywhere/scripts/compiled/webapp_page.js:30)
  n (https://www.pythonanywhere.com/static/anywhere/scripts/compiled/webapp_page.js:1)
  (anonymous function) (https://www.pythonanywhere.com/static/anywhere/scripts/compiled/webapp_page.js:1)

  phantomjs://platform/console++.js:263 in error
[ERROR - 2020-02-17T03:32:08.837Z] Session [0c4df1a0-5136-11ea-80a4-b7b751d9f1f0] - page.onError - msg: TypeError: undefined is not an object (evaluating 'Anywhere2.initializePythonVersionSelector')

  phantomjs://platform/console++.js:263 in error
[ERROR - 2020-02-17T03:32:08.837Z] Session [0c4df1a0-5136-11ea-80a4-b7b751d9f1f0] - page.onError - stack:
  (anonymous function) (https://www.pythonanywhere.com/user/jigarmistry24/webapps/:81)
  i (https://www.pythonanywhere.com/static/CACHE/js/efd0f9224b4c.js:1)
  fireWith (https://www.pythonanywhere.com/static/CACHE/js/efd0f9224b4c.js:1)
  ready (https://www.pythonanywhere.com/static/CACHE/js/efd0f9224b4c.js:1)
  K (https://www.pythonanywhere.com/static/CACHE/js/efd0f9224b4c.js:1)

  phantomjs://platform/console++.js:263 in error
[ERROR - 2020-02-17T03:32:13.445Z] Session [0c4df1a0-5136-11ea-80a4-b7b751d9f1f0] - page.onError - msg: ReferenceError: Can't find variable: Set

  phantomjs://platform/console++.js:263 in error
[ERROR - 2020-02-17T03:32:13.446Z] Session [0c4df1a0-5136-11ea-80a4-b7b751d9f1f0] - page.onError - stack:
  (anonymous function) (https://www.pythonanywhere.com/static/CACHE/js/e74cc4770595.js:75)
  n (https://www.pythonanywhere.com/static/CACHE/js/e74cc4770595.js:75)
  (anonymous function) (https://www.pythonanywhere.com/static/CACHE/js/e74cc4770595.js:75)
  n (https://www.pythonanywhere.com/static/CACHE/js/e74cc4770595.js:75)
  (anonymous function) (https://www.pythonanywhere.com/static/CACHE/js/e74cc4770595.js:75)
  n (https://www.pythonanywhere.com/static/CACHE/js/e74cc4770595.js:75)
  (anonymous function) (https://www.pythonanywhere.com/static/CACHE/js/e74cc4770595.js:75)
  n (https://www.pythonanywhere.com/static/CACHE/js/e74cc4770595.js:75)
  (anonymous function) (https://www.pythonanywhere.com/static/CACHE/js/e74cc4770595.js:75)

  phantomjs://platform/console++.js:263 in error
[ERROR - 2020-02-17T03:32:13.453Z] Session [0c4df1a0-5136-11ea-80a4-b7b751d9f1f0] - page.onError - msg: TypeError: undefined is not an object (evaluating 'Anywhere.Quota.GetQuotaInformation')

  phantomjs://platform/console++.js:263 in error
[ERROR - 2020-02-17T03:32:13.453Z] Session [0c4df1a0-5136-11ea-80a4-b7b751d9f1f0] - page.onError - stack:
  (anonymous function) (https://www.pythonanywhere.com/user/pythonui/:362)
  i (https://www.pythonanywhere.com/static/CACHE/js/efd0f9224b4c.js:1)
  fireWith (https://www.pythonanywhere.com/static/CACHE/js/efd0f9224b4c.js:1)
  ready (https://www.pythonanywhere.com/static/CACHE/js/efd0f9224b4c.js:1)
  K (https://www.pythonanywhere.com/static/CACHE/js/efd0f9224b4c.js:1)

  phantomjs://platform/console++.js:263 in error
[ERROR - 2020-02-17T03:32:14.727Z] Session [0c4df1a0-5136-11ea-80a4-b7b751d9f1f0] - page.onError - msg: ReferenceError: Can't find variable: Set

  phantomjs://platform/console++.js:263 in error
[ERROR - 2020-02-17T03:32:14.727Z] Session [0c4df1a0-5136-11ea-80a4-b7b751d9f1f0] - page.onError - stack:
  (anonymous function) (https://www.pythonanywhere.com/static/anywhere/scripts/compiled/webapp_page.js:22)
  n (https://www.pythonanywhere.com/static/anywhere/scripts/compiled/webapp_page.js:1)
  (anonymous function) (https://www.pythonanywhere.com/static/anywhere/scripts/compiled/webapp_page.js:1)
  n (https://www.pythonanywhere.com/static/anywhere/scripts/compiled/webapp_page.js:1)
  (anonymous function) (https://www.pythonanywhere.com/static/anywhere/scripts/compiled/webapp_page.js:30)
  n (https://www.pythonanywhere.com/static/anywhere/scripts/compiled/webapp_page.js:1)
  (anonymous function) (https://www.pythonanywhere.com/static/anywhere/scripts/compiled/webapp_page.js:30)
  n (https://www.pythonanywhere.com/static/anywhere/scripts/compiled/webapp_page.js:1)
  (anonymous function) (https://www.pythonanywhere.com/static/anywhere/scripts/compiled/webapp_page.js:1)

  phantomjs://platform/console++.js:263 in error
[ERROR - 2020-02-17T03:32:14.742Z] Session [0c4df1a0-5136-11ea-80a4-b7b751d9f1f0] - page.onError - msg: TypeError: undefined is not an object (evaluating 'Anywhere2.initializePythonVersionSelector')

  phantomjs://platform/console++.js:263 in error
[ERROR - 2020-02-17T03:32:14.742Z] Session [0c4df1a0-5136-11ea-80a4-b7b751d9f1f0] - page.onError - stack:
  (anonymous function) (https://www.pythonanywhere.com/user/pythonui/webapps/:81)
  i (https://www.pythonanywhere.com/static/CACHE/js/efd0f9224b4c.js:1)
  fireWith (https://www.pythonanywhere.com/static/CACHE/js/efd0f9224b4c.js:1)
  ready (https://www.pythonanywhere.com/static/CACHE/js/efd0f9224b4c.js:1)
  K (https://www.pythonanywhere.com/static/CACHE/js/efd0f9224b4c.js:1)

  phantomjs://platform/console++.js:263 in error
[ERROR - 2020-02-17T03:32:16.421Z] Session [0c4df1a0-5136-11ea-80a4-b7b751d9f1f0] - page.onError - msg: ReferenceError: Can't find variable: Set

  phantomjs://platform/console++.js:263 in error
[ERROR - 2020-02-17T03:32:16.421Z] Session [0c4df1a0-5136-11ea-80a4-b7b751d9f1f0] - page.onError - stack:
  (anonymous function) (https://www.pythonanywhere.com/static/anywhere/scripts/compiled/webapp_page.js:22)
  n (https://www.pythonanywhere.com/static/anywhere/scripts/compiled/webapp_page.js:1)
  (anonymous function) (https://www.pythonanywhere.com/static/anywhere/scripts/compiled/webapp_page.js:1)
  n (https://www.pythonanywhere.com/static/anywhere/scripts/compiled/webapp_page.js:1)
  (anonymous function) (https://www.pythonanywhere.com/static/anywhere/scripts/compiled/webapp_page.js:30)
  n (https://www.pythonanywhere.com/static/anywhere/scripts/compiled/webapp_page.js:1)
  (anonymous function) (https://www.pythonanywhere.com/static/anywhere/scripts/compiled/webapp_page.js:30)
  n (https://www.pythonanywhere.com/static/anywhere/scripts/compiled/webapp_page.js:1)
  (anonymous function) (https://www.pythonanywhere.com/static/anywhere/scripts/compiled/webapp_page.js:1)

  phantomjs://platform/console++.js:263 in error
[ERROR - 2020-02-17T03:32:16.436Z] Session [0c4df1a0-5136-11ea-80a4-b7b751d9f1f0] - page.onError - msg: TypeError: undefined is not an object (evaluating 'Anywhere2.initializePythonVersionSelector')

  phantomjs://platform/console++.js:263 in error
[ERROR - 2020-02-17T03:32:16.436Z] Session [0c4df1a0-5136-11ea-80a4-b7b751d9f1f0] - page.onError - stack:
  (anonymous function) (https://www.pythonanywhere.com/user/pythonui/webapps/:81)
  i (https://www.pythonanywhere.com/static/CACHE/js/efd0f9224b4c.js:1)
  fireWith (https://www.pythonanywhere.com/static/CACHE/js/efd0f9224b4c.js:1)
  ready (https://www.pythonanywhere.com/static/CACHE/js/efd0f9224b4c.js:1)
  K (https://www.pythonanywhere.com/static/CACHE/js/efd0f9224b4c.js:1)

  phantomjs://platform/console++.js:263 in error
[ERROR - 2020-02-17T03:32:20.423Z] Session [0c4df1a0-5136-11ea-80a4-b7b751d9f1f0] - page.onError - msg: ReferenceError: Can't find variable: Set

  phantomjs://platform/console++.js:263 in error
[ERROR - 2020-02-17T03:32:20.423Z] Session [0c4df1a0-5136-11ea-80a4-b7b751d9f1f0] - page.onError - stack:
  (anonymous function) (https://www.pythonanywhere.com/static/CACHE/js/e74cc4770595.js:75)
  n (https://www.pythonanywhere.com/static/CACHE/js/e74cc4770595.js:75)
  (anonymous function) (https://www.pythonanywhere.com/static/CACHE/js/e74cc4770595.js:75)
  n (https://www.pythonanywhere.com/static/CACHE/js/e74cc4770595.js:75)
  (anonymous function) (https://www.pythonanywhere.com/static/CACHE/js/e74cc4770595.js:75)
  n (https://www.pythonanywhere.com/static/CACHE/js/e74cc4770595.js:75)
  (anonymous function) (https://www.pythonanywhere.com/static/CACHE/js/e74cc4770595.js:75)
  n (https://www.pythonanywhere.com/static/CACHE/js/e74cc4770595.js:75)
  (anonymous function) (https://www.pythonanywhere.com/static/CACHE/js/e74cc4770595.js:75)

  phantomjs://platform/console++.js:263 in error
[ERROR - 2020-02-17T03:32:20.431Z] Session [0c4df1a0-5136-11ea-80a4-b7b751d9f1f0] - page.onError - msg: TypeError: undefined is not an object (evaluating 'Anywhere.Quota.GetQuotaInformation')

  phantomjs://platform/console++.js:263 in error
[ERROR - 2020-02-17T03:32:20.431Z] Session [0c4df1a0-5136-11ea-80a4-b7b751d9f1f0] - page.onError - stack:
  (anonymous function) (https://www.pythonanywhere.com/user/jigarmistry/:313)
  i (https://www.pythonanywhere.com/static/CACHE/js/efd0f9224b4c.js:1)
  fireWith (https://www.pythonanywhere.com/static/CACHE/js/efd0f9224b4c.js:1)
  ready (https://www.pythonanywhere.com/static/CACHE/js/efd0f9224b4c.js:1)
  K (https://www.pythonanywhere.com/static/CACHE/js/efd0f9224b4c.js:1)

  phantomjs://platform/console++.js:263 in error
[ERROR - 2020-02-17T03:32:20.830Z] Session [0c4df1a0-5136-11ea-80a4-b7b751d9f1f0] - page.onError - msg: ReferenceError: Can't find variable: Set

  phantomjs://platform/console++.js:263 in error
[ERROR - 2020-02-17T03:32:20.830Z] Session [0c4df1a0-5136-11ea-80a4-b7b751d9f1f0] - page.onError - stack:
  (anonymous function) (https://www.pythonanywhere.com/static/anywhere/scripts/compiled/webapp_page.js:22)
  n (https://www.pythonanywhere.com/static/anywhere/scripts/compiled/webapp_page.js:1)
  (anonymous function) (https://www.pythonanywhere.com/static/anywhere/scripts/compiled/webapp_page.js:1)
  n (https://www.pythonanywhere.com/static/anywhere/scripts/compiled/webapp_page.js:1)
  (anonymous function) (https://www.pythonanywhere.com/static/anywhere/scripts/compiled/webapp_page.js:30)
  n (https://www.pythonanywhere.com/static/anywhere/scripts/compiled/webapp_page.js:1)
  (anonymous function) (https://www.pythonanywhere.com/static/anywhere/scripts/compiled/webapp_page.js:30)
  n (https://www.pythonanywhere.com/static/anywhere/scripts/compiled/webapp_page.js:1)
  (anonymous function) (https://www.pythonanywhere.com/static/anywhere/scripts/compiled/webapp_page.js:1)

  phantomjs://platform/console++.js:263 in error
[ERROR - 2020-02-17T03:32:20.845Z] Session [0c4df1a0-5136-11ea-80a4-b7b751d9f1f0] - page.onError - msg: TypeError: undefined is not an object (evaluating 'Anywhere2.initializePythonVersionSelector')

  phantomjs://platform/console++.js:263 in error
[ERROR - 2020-02-17T03:32:20.845Z] Session [0c4df1a0-5136-11ea-80a4-b7b751d9f1f0] - page.onError - stack:
  (anonymous function) (https://www.pythonanywhere.com/user/jigarmistry/webapps/:81)
  i (https://www.pythonanywhere.com/static/CACHE/js/efd0f9224b4c.js:1)
  fireWith (https://www.pythonanywhere.com/static/CACHE/js/efd0f9224b4c.js:1)
  ready (https://www.pythonanywhere.com/static/CACHE/js/efd0f9224b4c.js:1)
  K (https://www.pythonanywhere.com/static/CACHE/js/efd0f9224b4c.js:1)

  phantomjs://platform/console++.js:263 in error
[ERROR - 2020-02-17T03:32:22.761Z] Session [0c4df1a0-5136-11ea-80a4-b7b751d9f1f0] - page.onError - msg: ReferenceError: Can't find variable: Set

  phantomjs://platform/console++.js:263 in error
[ERROR - 2020-02-17T03:32:22.761Z] Session [0c4df1a0-5136-11ea-80a4-b7b751d9f1f0] - page.onError - stack:
  (anonymous function) (https://www.pythonanywhere.com/static/anywhere/scripts/compiled/webapp_page.js:22)
  n (https://www.pythonanywhere.com/static/anywhere/scripts/compiled/webapp_page.js:1)
  (anonymous function) (https://www.pythonanywhere.com/static/anywhere/scripts/compiled/webapp_page.js:1)
  n (https://www.pythonanywhere.com/static/anywhere/scripts/compiled/webapp_page.js:1)
  (anonymous function) (https://www.pythonanywhere.com/static/anywhere/scripts/compiled/webapp_page.js:30)
  n (https://www.pythonanywhere.com/static/anywhere/scripts/compiled/webapp_page.js:1)
  (anonymous function) (https://www.pythonanywhere.com/static/anywhere/scripts/compiled/webapp_page.js:30)
  n (https://www.pythonanywhere.com/static/anywhere/scripts/compiled/webapp_page.js:1)
  (anonymous function) (https://www.pythonanywhere.com/static/anywhere/scripts/compiled/webapp_page.js:1)

  phantomjs://platform/console++.js:263 in error
[ERROR - 2020-02-17T03:32:22.778Z] Session [0c4df1a0-5136-11ea-80a4-b7b751d9f1f0] - page.onError - msg: TypeError: undefined is not an object (evaluating 'Anywhere2.initializePythonVersionSelector')

  phantomjs://platform/console++.js:263 in error
[ERROR - 2020-02-17T03:32:22.778Z] Session [0c4df1a0-5136-11ea-80a4-b7b751d9f1f0] - page.onError - stack:
  (anonymous function) (https://www.pythonanywhere.com/user/jigarmistry/webapps/:81)
  i (https://www.pythonanywhere.com/static/CACHE/js/efd0f9224b4c.js:1)
  fireWith (https://www.pythonanywhere.com/static/CACHE/js/efd0f9224b4c.js:1)
  ready (https://www.pythonanywhere.com/static/CACHE/js/efd0f9224b4c.js:1)
  K (https://www.pythonanywhere.com/static/CACHE/js/efd0f9224b4c.js:1)

  phantomjs://platform/console++.js:263 in error
